[2018-12-05 09:51:37.603420][INFO][adb_tk.py][qidongapp][39] 第1次启动时间： 5423
[2018-12-05 09:51:43.198499][INFO][adb_tk.py][qidongapp][39] 第2次启动时间： 5181
[2018-12-05 09:51:48.744676][INFO][adb_tk.py][qidongapp][39] 第3次启动时间： 5130
[2018-12-05 09:51:54.517189][INFO][adb_tk.py][qidongapp][39] 第4次启动时间： 5332
[2018-12-05 09:52:00.142148][INFO][adb_tk.py][qidongapp][39] 第5次启动时间： 5226
[2018-12-05 09:52:05.759184][INFO][adb_tk.py][qidongapp][39] 第6次启动时间： 5194
[2018-12-05 09:52:11.532692][INFO][adb_tk.py][qidongapp][39] 第7次启动时间： 5356
[2018-12-05 09:52:17.203568][INFO][adb_tk.py][qidongapp][39] 第8次启动时间： 5248
[2018-12-05 09:52:22.845440][INFO][adb_tk.py][qidongapp][39] 第9次启动时间： 5232
[2018-12-05 09:52:28.731733][INFO][adb_tk.py][qidongapp][39] 第10次启动时间： 5436
[2018-12-05 09:52:28.959087][INFO][adb_tk.py][qidongapp][42] 测试报告已经生成，请到当前目录查看
[2018-12-05 09:52:28.959087][INFO][adb_tk.py][qidongapp][43] 测试已经完成
[2018-12-05 11:36:34.519957][INFO][log.py][_wrap][60] 当前模块 启动app时间测试
[2018-12-05 11:36:34.519957][INFO][log.py][_wrap][61] 全部args参数参数信息 , ()
[2018-12-05 11:36:34.519957][INFO][log.py][_wrap][62] 全部kwargs参数信息 , {}
[2018-12-05 11:36:39.703104][INFO][adb_tk.py][qidongapp][37] 第1次启动时间： 4660
[2018-12-05 11:49:41.627168][INFO][log.py][_wrap][60] 当前模块 启动app时间测试
[2018-12-05 11:49:41.628167][INFO][log.py][_wrap][61] 全部args参数参数信息 , ()
[2018-12-05 11:49:41.628167][INFO][log.py][_wrap][62] 全部kwargs参数信息 , {}
[2018-12-05 11:49:42.084947][INFO][adb_tk.py][qidongapp][37] 第1次启动时间： 0
[2018-12-05 11:49:42.089934][INFO][adb_tk.py][qidongapp][37] 第2次启动时间： 0
[2018-12-05 11:49:47.915360][INFO][adb_tk.py][qidongapp][37] 第3次启动时间： 5306
[2018-12-05 11:49:47.924335][INFO][adb_tk.py][qidongapp][37] 第2次启动时间： 5306
[2018-12-05 11:49:53.767705][INFO][adb_tk.py][qidongapp][37] 第4次启动时间： 5393
[2018-12-05 11:49:53.778679][INFO][adb_tk.py][qidongapp][37] 第3次启动时间： 5393
[2018-12-05 11:49:59.525313][INFO][adb_tk.py][qidongapp][37] 第5次启动时间： 5335
[2018-12-05 11:49:59.532288][INFO][adb_tk.py][qidongapp][37] 第4次启动时间： 5336
[2018-12-05 11:50:05.383644][INFO][adb_tk.py][qidongapp][37] 第6次启动时间： 5400
[2018-12-05 11:50:05.391620][INFO][adb_tk.py][qidongapp][37] 第5次启动时间： 5401
[2018-12-05 11:50:11.145242][INFO][adb_tk.py][qidongapp][37] 第6次启动时间： 5327
[2018-12-05 11:50:11.152218][INFO][adb_tk.py][qidongapp][37] 第7次启动时间： 5327
[2018-12-05 11:50:16.986616][INFO][adb_tk.py][qidongapp][37] 第7次启动时间： 5320
[2018-12-05 11:50:16.995593][INFO][adb_tk.py][qidongapp][37] 第8次启动时间： 5319
[2018-12-05 11:50:22.748214][INFO][adb_tk.py][qidongapp][37] 第9次启动时间： 5257
[2018-12-05 11:50:22.749215][INFO][adb_tk.py][qidongapp][37] 第8次启动时间： 5257
[2018-12-05 11:50:28.542714][INFO][adb_tk.py][qidongapp][37] 第10次启动时间： 5320
[2018-12-05 11:50:28.548698][INFO][adb_tk.py][qidongapp][37] 第9次启动时间： 5322
[2018-12-05 11:50:28.640452][INFO][adb_tk.py][qidongapp][40] 测试报告已经生成，请到当前目录查看
[2018-12-05 11:50:28.640452][INFO][adb_tk.py][qidongapp][41] 测试已经完成
[2018-12-05 11:50:34.372126][INFO][adb_tk.py][qidongapp][37] 第10次启动时间： 5349
[2018-12-05 11:50:34.452909][INFO][adb_tk.py][qidongapp][40] 测试报告已经生成，请到当前目录查看
[2018-12-05 11:50:34.452909][INFO][adb_tk.py][qidongapp][41] 测试已经完成
[2018-12-05 11:51:53.805711][INFO][log.py][_wrap][60] 当前模块 启动app时间测试
[2018-12-05 11:51:53.805711][INFO][log.py][_wrap][61] 全部args参数参数信息 , ()
[2018-12-05 11:51:53.806747][INFO][log.py][_wrap][62] 全部kwargs参数信息 , {}
[2018-12-05 11:51:59.624155][INFO][adb_tk.py][qidongapp][35] 第1次启动时间： 5329
[2018-12-05 11:52:05.368798][INFO][adb_tk.py][qidongapp][35] 第2次启动时间： 5255
[2018-12-05 11:52:11.269026][INFO][adb_tk.py][qidongapp][35] 第3次启动时间： 5374
[2018-12-05 11:52:17.037642][INFO][adb_tk.py][qidongapp][35] 第4次启动时间： 5262
[2018-12-05 11:52:22.711418][INFO][adb_tk.py][qidongapp][35] 第5次启动时间： 5185
[2018-12-05 11:52:28.464039][INFO][adb_tk.py][qidongapp][35] 第6次启动时间： 5264
[2018-12-05 11:52:34.264523][INFO][adb_tk.py][qidongapp][35] 第7次启动时间： 5298
[2018-12-05 11:52:39.943336][INFO][adb_tk.py][qidongapp][35] 第8次启动时间： 5288
[2018-12-05 11:52:45.537377][INFO][adb_tk.py][qidongapp][35] 第9次启动时间： 5187
[2018-12-05 11:52:51.101499][INFO][adb_tk.py][qidongapp][35] 第10次启动时间： 5179
[2018-12-05 11:52:51.150369][INFO][adb_tk.py][qidongapp][38] 测试报告已经生成，请到当前目录查看
[2018-12-05 11:52:51.150369][INFO][adb_tk.py][qidongapp][39] 测试已经完成
